e:\downloads\gdi作品\gdi大富翁4.20\richman\debug\richman.pch
e:\downloads\gdi作品\gdi大富翁4.20\richman\debug\vc141.pdb
e:\downloads\gdi作品\gdi大富翁4.20\richman\debug\vc141.idb
e:\downloads\gdi作品\gdi大富翁4.20\richman\debug\stdafx.obj
e:\downloads\gdi作品\gdi大富翁4.20\richman\debug\buttonclk.obj
e:\downloads\gdi作品\gdi大富翁4.20\richman\debug\computer.obj
e:\downloads\gdi作品\gdi大富翁4.20\richman\debug\dlggamechoose.obj
e:\downloads\gdi作品\gdi大富翁4.20\richman\debug\dlghousenonemaster.obj
e:\downloads\gdi作品\gdi大富翁4.20\richman\debug\game.obj
e:\downloads\gdi作品\gdi大富翁4.20\richman\debug\gamemap.obj
e:\downloads\gdi作品\gdi大富翁4.20\richman\debug\house.obj
e:\downloads\gdi作品\gdi大富翁4.20\richman\debug\mainfrm.obj
e:\downloads\gdi作品\gdi大富翁4.20\richman\debug\player.obj
e:\downloads\gdi作品\gdi大富翁4.20\richman\debug\richman.obj
e:\downloads\gdi作品\gdi大富翁4.20\richman\debug\richmandoc.obj
e:\downloads\gdi作品\gdi大富翁4.20\richman\debug\richmanview.obj
e:\downloads\gdi作品\gdi大富翁4.20\richman\debug\role.obj
e:\downloads\gdi作品\gdi大富翁4.20\richman\debug\tool.obj
e:\downloads\gdi作品\gdi大富翁4.20\debug\richman.ilk
e:\downloads\gdi作品\gdi大富翁4.20\debug\richman.exe
e:\downloads\gdi作品\gdi大富翁4.20\debug\richman.pdb
e:\downloads\gdi作品\gdi大富翁4.20\richman\debug\richman.res
f:\richman\richman\debug\buttonclk.obj
f:\richman\richman\debug\computer.obj
f:\richman\richman\debug\dlggamechoose.obj
f:\richman\richman\debug\dlghousenonemaster.obj
f:\richman\richman\debug\game.obj
f:\richman\richman\debug\gamemap.obj
f:\richman\richman\debug\house.obj
f:\richman\richman\debug\mainfrm.obj
f:\richman\richman\debug\player.obj
f:\richman\richman\debug\richman.obj
f:\richman\richman\debug\richmandoc.obj
f:\richman\richman\debug\richmanview.obj
f:\richman\richman\debug\role.obj
f:\richman\richman\debug\stdafx.obj
f:\richman\richman\debug\tool.obj
f:\richman\richman\debug\richman.res
f:\richman\richman\debug\richman.pch
f:\richman\richman\debug\vc141.idb
f:\richman\richman\debug\vc141.pdb
f:\richman\richman\debug\richman.tlog\cl.command.1.tlog
f:\richman\richman\debug\richman.tlog\cl.read.1.tlog
f:\richman\richman\debug\richman.tlog\cl.write.1.tlog
f:\richman\richman\debug\richman.tlog\link.command.1.tlog
f:\richman\richman\debug\richman.tlog\link.read.1.tlog
f:\richman\richman\debug\richman.tlog\link.write.1.tlog
f:\richman\richman\debug\richman.tlog\rc.command.1.tlog
f:\richman\richman\debug\richman.tlog\rc.read.1.tlog
f:\richman\richman\debug\richman.tlog\rc.write.1.tlog
